<?xml version="1.0" encoding="UTF-8"?>
<testsuite name="com.natasaku.app.presentation.screen.home.HomeViewModelTest" tests="2" skipped="0" failures="0" errors="0" timestamp="2026-05-07T16:39:45" hostname="haysans-mini" time="0.053">
  <properties/>
  <testcase name="loadDashboard_calculatesDailyAllowance" classname="com.natasaku.app.presentation.screen.home.HomeViewModelTest" time="0.051"/>
  <testcase name="saveExpense_invalidAmount_setsError" classname="com.natasaku.app.presentation.screen.home.HomeViewModelTest" time="0.002"/>
  <system-out><![CDATA[]]></system-out>
  <system-err><![CDATA[]]></system-err>
</testsuite>
